15:58:43 **** Incremental Build of configuration Debug for project OperatorOvload ****
make all 
make: Nothing to be done for 'all'.
16:03:56 **** Build of configuration Debug for project UnaryOpOverload ****
make all 
Building file: ../src/UnaryOpOverload.cpp
Invoking: Cross G++ Compiler
g++ -O0 -g3 -Wall -c -fmessage-length=0 -MMD -MP -MF"src/UnaryOpOverload.d" -MT"src/UnaryOpOverload.d" -o "src/UnaryOpOverload.o" "../src/UnaryOpOverload.cpp"
Finished building: ../src/UnaryOpOverload.cpp
 
Building target: UnaryOpOverload
Invoking: Cross G++ Linker
g++  -o "UnaryOpOverload"  ./src/UnaryOpOverload.o   
Finished building target: UnaryOpOverload
 
16:05:24 **** Incremental Build of configuration Debug for project UnaryOpOverload ****
make all 
Building file: ../src/UnaryOpOverload.cpp
Invoking: Cross G++ Compiler
g++ -O0 -g3 -Wall -c -fmessage-length=0 -MMD -MP -MF"src/UnaryOpOverload.d" -MT"src/UnaryOpOverload.d" -o "src/UnaryOpOverload.o" "../src/UnaryOpOverload.cpp"
../src/UnaryOpOverload.cpp:40:20: error: ‘Distance operator-()’ must have an argument of class or enumerated type
 Distance operator-(){
                    ^
src/subdir.mk:18: recipe for target 'src/UnaryOpOverload.o' failed
make: *** [src/UnaryOpOverload.o] Error 1
16:05:35 **** Incremental Build of configuration Debug for project UnaryOpOverload ****
make all 
Building file: ../src/UnaryOpOverload.cpp
Invoking: Cross G++ Compiler
g++ -O0 -g3 -Wall -c -fmessage-length=0 -MMD -MP -MF"src/UnaryOpOverload.d" -MT"src/UnaryOpOverload.d" -o "src/UnaryOpOverload.o" "../src/UnaryOpOverload.cpp"
../src/UnaryOpOverload.cpp:40:20: error: ‘Distance operator-()’ must have an argument of class or enumerated type
 Distance operator-(){
                    ^
make: *** [src/UnaryOpOverload.o] Error 1
src/subdir.mk:18: recipe for target 'src/UnaryOpOverload.o' failed
16:06:15 **** Incremental Build of configuration Debug for project UnaryOpOverload ****
make all 
Building file: ../src/UnaryOpOverload.cpp
Invoking: Cross G++ Compiler
g++ -O0 -g3 -Wall -c -fmessage-length=0 -MMD -MP -MF"src/UnaryOpOverload.d" -MT"src/UnaryOpOverload.d" -o "src/UnaryOpOverload.o" "../src/UnaryOpOverload.cpp"
Finished building: ../src/UnaryOpOverload.cpp
 
Building target: UnaryOpOverload
Invoking: Cross G++ Linker
g++  -o "UnaryOpOverload"  ./src/UnaryOpOverload.o   
Finished building target: UnaryOpOverload
 
16:07:57 **** Incremental Build of configuration Debug for project UnaryOpOverload ****
make all 
Building file: ../src/UnaryOpOverload.cpp
Invoking: Cross G++ Compiler
g++ -O0 -g3 -Wall -c -fmessage-length=0 -MMD -MP -MF"src/UnaryOpOverload.d" -MT"src/UnaryOpOverload.d" -o "src/UnaryOpOverload.o" "../src/UnaryOpOverload.cpp"
Finished building: ../src/UnaryOpOverload.cpp
 
Building target: UnaryOpOverload
Invoking: Cross G++ Linker
g++  -o "UnaryOpOverload"  ./src/UnaryOpOverload.o   
Finished building target: UnaryOpOverload
 
16:08:15 **** Incremental Build of configuration Debug for project UnaryOpOverload ****
make all 
make: Nothing to be done for 'all'.
16:09:04 **** Incremental Build of configuration Debug for project UnaryOpOverload ****
make all 
Building file: ../src/UnaryOpOverload.cpp
Invoking: Cross G++ Compiler
g++ -O0 -g3 -Wall -c -fmessage-length=0 -MMD -MP -MF"src/UnaryOpOverload.d" -MT"src/UnaryOpOverload.d" -o "src/UnaryOpOverload.o" "../src/UnaryOpOverload.cpp"
Finished building: ../src/UnaryOpOverload.cpp
 
Building target: UnaryOpOverload
Invoking: Cross G++ Linker
g++  -o "UnaryOpOverload"  ./src/UnaryOpOverload.o   
Finished building target: UnaryOpOverload
 
16:09:06 **** Incremental Build of configuration Debug for project UnaryOpOverload ****
make all 
make: Nothing to be done for 'all'.
16:09:54 **** Incremental Build of configuration Debug for project UnaryOpOverload ****
make all 
Building file: ../src/UnaryOpOverload.cpp
Invoking: Cross G++ Compiler
g++ -O0 -g3 -Wall -c -fmessage-length=0 -MMD -MP -MF"src/UnaryOpOverload.d" -MT"src/UnaryOpOverload.d" -o "src/UnaryOpOverload.o" "../src/UnaryOpOverload.cpp"
Finished building: ../src/UnaryOpOverload.cpp
 
Building target: UnaryOpOverload
Invoking: Cross G++ Linker
g++  -o "UnaryOpOverload"  ./src/UnaryOpOverload.o   
Finished building target: UnaryOpOverload
 
16:09:56 **** Incremental Build of configuration Debug for project UnaryOpOverload ****
make all 
make: Nothing to be done for 'all'.
16:10:06 **** Incremental Build of configuration Debug for project UnaryOpOverload ****
make all 
Building file: ../src/UnaryOpOverload.cpp
Invoking: Cross G++ Compiler
g++ -O0 -g3 -Wall -c -fmessage-length=0 -MMD -MP -MF"src/UnaryOpOverload.d" -MT"src/UnaryOpOverload.d" -o "src/UnaryOpOverload.o" "../src/UnaryOpOverload.cpp"
Finished building: ../src/UnaryOpOverload.cpp
 
Building target: UnaryOpOverload
Invoking: Cross G++ Linker
g++  -o "UnaryOpOverload"  ./src/UnaryOpOverload.o   
Finished building target: UnaryOpOverload
 
16:10:07 **** Incremental Build of configuration Debug for project UnaryOpOverload ****
make all 
make: Nothing to be done for 'all'.
16:26:39 **** Build of configuration Debug for project FriendFunction ****
make all 
Building file: ../src/FriendFunction.cpp
Invoking: Cross G++ Compiler
g++ -O0 -g3 -Wall -c -fmessage-length=0 -MMD -MP -MF"src/FriendFunction.d" -MT"src/FriendFunction.d" -o "src/FriendFunction.o" "../src/FriendFunction.cpp"
Finished building: ../src/FriendFunction.cpp
 
Building target: FriendFunction
Invoking: Cross G++ Linker
g++  -o "FriendFunction"  ./src/FriendFunction.o   
Finished building target: FriendFunction
 
16:28:35 **** Incremental Build of configuration Debug for project FriendFunction ****
make all 
Building file: ../src/FriendFunction.cpp
Invoking: Cross G++ Compiler
g++ -O0 -g3 -Wall -c -fmessage-length=0 -MMD -MP -MF"src/FriendFunction.d" -MT"src/FriendFunction.d" -o "src/FriendFunction.o" "../src/FriendFunction.cpp"
Finished building: ../src/FriendFunction.cpp
 
Building target: FriendFunction
Invoking: Cross G++ Linker
g++  -o "FriendFunction"  ./src/FriendFunction.o   
Finished building target: FriendFunction
 
16:28:46 **** Incremental Build of configuration Debug for project FriendFunction ****
make all 
Building file: ../src/FriendFunction.cpp
Invoking: Cross G++ Compiler
g++ -O0 -g3 -Wall -c -fmessage-length=0 -MMD -MP -MF"src/FriendFunction.d" -MT"src/FriendFunction.d" -o "src/FriendFunction.o" "../src/FriendFunction.cpp"
Finished building: ../src/FriendFunction.cpp
 
Building target: FriendFunction
Invoking: Cross G++ Linker
g++  -o "FriendFunction"  ./src/FriendFunction.o   
Finished building target: FriendFunction
 
16:28:57 **** Incremental Build of configuration Debug for project FriendFunction ****
make all 
make: Nothing to be done for 'all'.
16:29:57 **** Incremental Build of configuration Debug for project FriendFunction ****
make all 
Building file: ../src/FriendFunction.cpp
Invoking: Cross G++ Compiler
g++ -O0 -g3 -Wall -c -fmessage-length=0 -MMD -MP -MF"src/FriendFunction.d" -MT"src/FriendFunction.d" -o "src/FriendFunction.o" "../src/FriendFunction.cpp"
../src/FriendFunction.cpp:25:1: error: ‘friend’ used outside of class
 friend bool colinear(Point &p1, Point &p2, Point &p3){
 ^~~~~~
src/subdir.mk:18: recipe for target 'src/FriendFunction.o' failed
make: *** [src/FriendFunction.o] Error 1
16:30:06 **** Incremental Build of configuration Debug for project FriendFunction ****
make all 
Building file: ../src/FriendFunction.cpp
Invoking: Cross G++ Compiler
g++ -O0 -g3 -Wall -c -fmessage-length=0 -MMD -MP -MF"src/FriendFunction.d" -MT"src/FriendFunction.d" -o "src/FriendFunction.o" "../src/FriendFunction.cpp"
Finished building: ../src/FriendFunction.cpp
 
Building target: FriendFunction
Invoking: Cross G++ Linker
g++  -o "FriendFunction"  ./src/FriendFunction.o   
Finished building target: FriendFunction
 
16:30:18 **** Incremental Build of configuration Debug for project FriendFunction ****
make all 
Building file: ../src/FriendFunction.cpp
Invoking: Cross G++ Compiler
g++ -O0 -g3 -Wall -c -fmessage-length=0 -MMD -MP -MF"src/FriendFunction.d" -MT"src/FriendFunction.d" -o "src/FriendFunction.o" "../src/FriendFunction.cpp"
../src/FriendFunction.cpp: In function ‘bool colinear(Point&, Point&, Point&)’:
../src/FriendFunction.cpp:26:16: error: ‘int Point::x’ is private within this context
  int temp = p1.x + p2.x + p3.x;
                ^
../src/FriendFunction.cpp:14:6: note: declared private here
  int x, y;
      ^
../src/FriendFunction.cpp:26:23: error: ‘int Point::x’ is private within this context
  int temp = p1.x + p2.x + p3.x;
                       ^
../src/FriendFunction.cpp:14:6: note: declared private here
  int x, y;
      ^
../src/FriendFunction.cpp:26:30: error: ‘int Point::x’ is private within this context
  int temp = p1.x + p2.x + p3.x;
                              ^
../src/FriendFunction.cpp:14:6: note: declared private here
  int x, y;
      ^
src/subdir.mk:18: recipe for target 'src/FriendFunction.o' failed
make: *** [src/FriendFunction.o] Error 1
16:30:25 **** Incremental Build of configuration Debug for project FriendFunction ****
make all 
Building file: ../src/FriendFunction.cpp
Invoking: Cross G++ Compiler
g++ -O0 -g3 -Wall -c -fmessage-length=0 -MMD -MP -MF"src/FriendFunction.d" -MT"src/FriendFunction.d" -o "src/FriendFunction.o" "../src/FriendFunction.cpp"
Finished building: ../src/FriendFunction.cpp
 
Building target: FriendFunction
Invoking: Cross G++ Linker
g++  -o "FriendFunction"  ./src/FriendFunction.o   
Finished building target: FriendFunction
 
16:38:44 **** Build of configuration Debug for project StaticData ****
make all 
Building file: ../src/StaticData.cpp
Invoking: Cross G++ Compiler
g++ -O0 -g3 -Wall -c -fmessage-length=0 -MMD -MP -MF"src/StaticData.d" -MT"src/StaticData.d" -o "src/StaticData.o" "../src/StaticData.cpp"
Finished building: ../src/StaticData.cpp
 
Building target: StaticData
Invoking: Cross G++ Linker
g++  -o "StaticData"  ./src/StaticData.o   
Finished building target: StaticData
 
16:38:57 **** Incremental Build of configuration Debug for project StaticData ****
make all 
Building file: ../src/StaticData.cpp
Invoking: Cross G++ Compiler
g++ -O0 -g3 -Wall -c -fmessage-length=0 -MMD -MP -MF"src/StaticData.d" -MT"src/StaticData.d" -o "src/StaticData.o" "../src/StaticData.cpp"
Finished building: ../src/StaticData.cpp
 
Building target: StaticData
Invoking: Cross G++ Linker
g++  -o "StaticData"  ./src/StaticData.o   
Finished building target: StaticData
 
16:39:13 **** Incremental Build of configuration Debug for project StaticData ****
make all 
Building file: ../src/StaticData.cpp
Invoking: Cross G++ Compiler
g++ -O0 -g3 -Wall -c -fmessage-length=0 -MMD -MP -MF"src/StaticData.d" -MT"src/StaticData.d" -o "src/StaticData.o" "../src/StaticData.cpp"
Finished building: ../src/StaticData.cpp
 
Building target: StaticData
Invoking: Cross G++ Linker
g++  -o "StaticData"  ./src/StaticData.o   
Finished building target: StaticData
 
16:42:44 **** Incremental Build of configuration Debug for project StaticData ****
make all 
Building file: ../src/StaticData.cpp
Invoking: Cross G++ Compiler
g++ -O0 -g3 -Wall -c -fmessage-length=0 -MMD -MP -MF"src/StaticData.d" -MT"src/StaticData.d" -o "src/StaticData.o" "../src/StaticData.cpp"
../src/StaticData.cpp:34:12: error: ‘int Point::count’ is not a static data member of ‘class Point’
 int Point::count = 0;
            ^~~~~
../src/StaticData.cpp: In function ‘int main()’:
../src/StaticData.cpp:38:15: error: invalid use of non-static data member ‘Point::count’
  cout<<Point::count<<endl;
               ^~~~~
../src/StaticData.cpp:17:6: note: declared here
  int count;
      ^~~~~
src/subdir.mk:18: recipe for target 'src/StaticData.o' failed
make: *** [src/StaticData.o] Error 1
16:42:57 **** Incremental Build of configuration Debug for project StaticData ****
make all 
Building file: ../src/StaticData.cpp
Invoking: Cross G++ Compiler
g++ -O0 -g3 -Wall -c -fmessage-length=0 -MMD -MP -MF"src/StaticData.d" -MT"src/StaticData.d" -o "src/StaticData.o" "../src/StaticData.cpp"
Finished building: ../src/StaticData.cpp
 
Building target: StaticData
Invoking: Cross G++ Linker
g++  -o "StaticData"  ./src/StaticData.o   
Finished building target: StaticData
 
23:09:40 **** Build of configuration Debug for project InheritBase ****
make all 
Building file: ../src/InheritBase.cpp
Invoking: Cross G++ Compiler
g++ -O0 -g3 -Wall -c -fmessage-length=0 -MMD -MP -MF"src/InheritBase.d" -MT"src/InheritBase.d" -o "src/InheritBase.o" "../src/InheritBase.cpp"
../src/InheritBase.cpp:28:23: error: cannot define member function ‘Base::printInfo’ within ‘Savings’
  void Base::printInfo(){
                       ^
../src/InheritBase.cpp:16:12: error: flexible array member ‘Base::name’ not at end of ‘class Savings’
  char name[];
            ^
../src/InheritBase.cpp:26:6: note: next member ‘int Savings::age’ declared here
  int age;
      ^~~
../src/InheritBase.cpp:24:7: note: in the definition of ‘class Savings’
 class Savings:public Base{
       ^~~~~~~
make: *** [src/InheritBase.o] Error 1
src/subdir.mk:18: recipe for target 'src/InheritBase.o' failed
23:09:53 **** Incremental Build of configuration Debug for project InheritBase ****
make all 
Building file: ../src/InheritBase.cpp
Invoking: Cross G++ Compiler
g++ -O0 -g3 -Wall -c -fmessage-length=0 -MMD -MP -MF"src/InheritBase.d" -MT"src/InheritBase.d" -o "src/InheritBase.o" "../src/InheritBase.cpp"
../src/InheritBase.cpp:28:23: error: cannot declare member function ‘Base::printInfo’ within ‘Savings’
  void Base::printInfo();
                       ^
../src/InheritBase.cpp:16:12: error: flexible array member ‘Base::name’ not at end of ‘class Savings’
  char name[];
            ^
../src/InheritBase.cpp:26:6: note: next member ‘int Savings::age’ declared here
  int age;
      ^~~
../src/InheritBase.cpp:24:7: note: in the definition of ‘class Savings’
 class Savings:public Base{
       ^~~~~~~
src/subdir.mk:18: recipe for target 'src/InheritBase.o' failed
make: *** [src/InheritBase.o] Error 1
23:10:17 **** Incremental Build of configuration Debug for project InheritBase ****
make all 
Building file: ../src/InheritBase.cpp
Invoking: Cross G++ Compiler
g++ -O0 -g3 -Wall -c -fmessage-length=0 -MMD -MP -MF"src/InheritBase.d" -MT"src/InheritBase.d" -o "src/InheritBase.o" "../src/InheritBase.cpp"
../src/InheritBase.cpp:16:12: error: flexible array member ‘Base::name’ not at end of ‘class Savings’
  char name[];
            ^
../src/InheritBase.cpp:26:6: note: next member ‘int Savings::age’ declared here
  int age;
      ^~~
../src/InheritBase.cpp:24:7: note: in the definition of ‘class Savings’
 class Savings:public Base{
       ^~~~~~~
src/subdir.mk:18: recipe for target 'src/InheritBase.o' failed
make: *** [src/InheritBase.o] Error 1
23:10:32 **** Incremental Build of configuration Debug for project InheritBase ****
make all 
Building file: ../src/InheritBase.cpp
Invoking: Cross G++ Compiler
g++ -O0 -g3 -Wall -c -fmessage-length=0 -MMD -MP -MF"src/InheritBase.d" -MT"src/InheritBase.d" -o "src/InheritBase.o" "../src/InheritBase.cpp"
Finished building: ../src/InheritBase.cpp
 
Building target: InheritBase
Invoking: Cross G++ Linker
g++  -o "InheritBase"  ./src/InheritBase.o   
Finished building target: InheritBase
 
23:10:48 **** Incremental Build of configuration Debug for project InheritBase ****
make all 
Building file: ../src/InheritBase.cpp
Invoking: Cross G++ Compiler
g++ -O0 -g3 -Wall -c -fmessage-length=0 -MMD -MP -MF"src/InheritBase.d" -MT"src/InheritBase.d" -o "src/InheritBase.o" "../src/InheritBase.cpp"
Finished building: ../src/InheritBase.cpp
 
Building target: InheritBase
Invoking: Cross G++ Linker
g++  -o "InheritBase"  ./src/InheritBase.o   
Finished building target: InheritBase
 
23:28:19 **** Incremental Build of configuration Debug for project InheritBase ****
make all 
Building file: ../src/InheritBase.cpp
Invoking: Cross G++ Compiler
g++ -O0 -g3 -Wall -c -fmessage-length=0 -MMD -MP -MF"src/InheritBase.d" -MT"src/InheritBase.d" -o "src/InheritBase.o" "../src/InheritBase.cpp"
Finished building: ../src/InheritBase.cpp
 
Building target: InheritBase
Invoking: Cross G++ Linker
g++  -o "InheritBase"  ./src/InheritBase.o   
Finished building target: InheritBase
 
10:08:49 **** Build of configuration Debug for project ConstDerivedClass ****
make all 
Building file: ../src/ConstDerivedClass.cpp
Invoking: Cross G++ Compiler
g++ -O0 -g3 -Wall -c -fmessage-length=0 -MMD -MP -MF"src/ConstDerivedClass.d" -MT"src/ConstDerivedClass.d" -o "src/ConstDerivedClass.o" "../src/ConstDerivedClass.cpp"
Finished building: ../src/ConstDerivedClass.cpp
 
Building target: ConstDerivedClass
Invoking: Cross G++ Linker
g++  -o "ConstDerivedClass"  ./src/ConstDerivedClass.o   
Finished building target: ConstDerivedClass
 
10:10:43 **** Incremental Build of configuration Debug for project ConstDerivedClass ****
make all 
Building file: ../src/ConstDerivedClass.cpp
Invoking: Cross G++ Compiler
g++ -O0 -g3 -Wall -c -fmessage-length=0 -MMD -MP -MF"src/ConstDerivedClass.d" -MT"src/ConstDerivedClass.d" -o "src/ConstDerivedClass.o" "../src/ConstDerivedClass.cpp"
Finished building: ../src/ConstDerivedClass.cpp
 
Building target: ConstDerivedClass
Invoking: Cross G++ Linker
g++  -o "ConstDerivedClass"  ./src/ConstDerivedClass.o   
Finished building target: ConstDerivedClass
 
10:13:39 **** Incremental Build of configuration Debug for project ConstDerivedClass ****
make all 
Building file: ../src/ConstDerivedClass.cpp
Invoking: Cross G++ Compiler
g++ -O0 -g3 -Wall -c -fmessage-length=0 -MMD -MP -MF"src/ConstDerivedClass.d" -MT"src/ConstDerivedClass.d" -o "src/ConstDerivedClass.o" "../src/ConstDerivedClass.cpp"
Finished building: ../src/ConstDerivedClass.cpp
 
Building target: ConstDerivedClass
Invoking: Cross G++ Linker
g++  -o "ConstDerivedClass"  ./src/ConstDerivedClass.o   
Finished building target: ConstDerivedClass
 
12:09:20 **** Build of configuration Debug for project Polymorphism ****
make all 
Building file: ../src/Polymorphism.cpp
Invoking: Cross G++ Compiler
g++ -O0 -g3 -Wall -c -fmessage-length=0 -MMD -MP -MF"src/Polymorphism.d" -MT"src/Polymorphism.d" -o "src/Polymorphism.o" "../src/Polymorphism.cpp"
../src/Polymorphism.cpp: In function ‘int main()’:
../src/Polymorphism.cpp:52:12: error: conversion from ‘Savings*’ to non-scalar type ‘Base’ requested
  Base b1 = new Savings();
            ^~~~~~~~~~~~~
make: *** [src/Polymorphism.o] Error 1
src/subdir.mk:18: recipe for target 'src/Polymorphism.o' failed
12:09:25 **** Incremental Build of configuration Debug for project Polymorphism ****
make all 
Building file: ../src/Polymorphism.cpp
Invoking: Cross G++ Compiler
g++ -O0 -g3 -Wall -c -fmessage-length=0 -MMD -MP -MF"src/Polymorphism.d" -MT"src/Polymorphism.d" -o "src/Polymorphism.o" "../src/Polymorphism.cpp"
../src/Polymorphism.cpp: In function ‘int main()’:
../src/Polymorphism.cpp:52:12: error: conversion from ‘Savings*’ to non-scalar type ‘Base’ requested
  Base b1 = new Savings;
            ^~~~~~~~~~~
src/subdir.mk:18: recipe for target 'src/Polymorphism.o' failed
make: *** [src/Polymorphism.o] Error 1
12:09:38 **** Incremental Build of configuration Debug for project Polymorphism ****
make all 
Building file: ../src/Polymorphism.cpp
Invoking: Cross G++ Compiler
g++ -O0 -g3 -Wall -c -fmessage-length=0 -MMD -MP -MF"src/Polymorphism.d" -MT"src/Polymorphism.d" -o "src/Polymorphism.o" "../src/Polymorphism.cpp"
../src/Polymorphism.cpp: In function ‘int main()’:
../src/Polymorphism.cpp:52:12: error: conversion from ‘Savings*’ to non-scalar type ‘Base’ requested
  Base b1 = new Savings;
            ^~~~~~~~~~~
make: *** [src/Polymorphism.o] Error 1
src/subdir.mk:18: recipe for target 'src/Polymorphism.o' failed
12:09:43 **** Incremental Build of configuration Debug for project Polymorphism ****
make all 
Building file: ../src/Polymorphism.cpp
Invoking: Cross G++ Compiler
g++ -O0 -g3 -Wall -c -fmessage-length=0 -MMD -MP -MF"src/Polymorphism.d" -MT"src/Polymorphism.d" -o "src/Polymorphism.o" "../src/Polymorphism.cpp"
../src/Polymorphism.cpp: In function ‘int main()’:
../src/Polymorphism.cpp:53:5: error: request for member ‘printinfo’ in ‘b1’, which is of pointer type ‘Base*’ (maybe you meant to use ‘->’ ?)
  b1.printinfo();
     ^~~~~~~~~
src/subdir.mk:18: recipe for target 'src/Polymorphism.o' failed
make: *** [src/Polymorphism.o] Error 1
12:09:54 **** Incremental Build of configuration Debug for project Polymorphism ****
make all 
Building file: ../src/Polymorphism.cpp
Invoking: Cross G++ Compiler
g++ -O0 -g3 -Wall -c -fmessage-length=0 -MMD -MP -MF"src/Polymorphism.d" -MT"src/Polymorphism.d" -o "src/Polymorphism.o" "../src/Polymorphism.cpp"
Finished building: ../src/Polymorphism.cpp
 
Building target: Polymorphism
Invoking: Cross G++ Linker
g++  -o "Polymorphism"  ./src/Polymorphism.o   
Finished building target: Polymorphism
 
12:10:05 **** Incremental Build of configuration Debug for project Polymorphism ****
make all 
make: Nothing to be done for 'all'.
12:10:17 **** Incremental Build of configuration Debug for project Polymorphism ****
make all 
Building file: ../src/Polymorphism.cpp
Invoking: Cross G++ Compiler
g++ -O0 -g3 -Wall -c -fmessage-length=0 -MMD -MP -MF"src/Polymorphism.d" -MT"src/Polymorphism.d" -o "src/Polymorphism.o" "../src/Polymorphism.cpp"
Finished building: ../src/Polymorphism.cpp
 
Building target: Polymorphism
Invoking: Cross G++ Linker
g++  -o "Polymorphism"  ./src/Polymorphism.o   
Finished building target: Polymorphism
 
12:10:25 **** Incremental Build of configuration Debug for project Polymorphism ****
make all 
make: Nothing to be done for 'all'.
12:10:41 **** Incremental Build of configuration Debug for project Polymorphism ****
make all 
Building file: ../src/Polymorphism.cpp
Invoking: Cross G++ Compiler
g++ -O0 -g3 -Wall -c -fmessage-length=0 -MMD -MP -MF"src/Polymorphism.d" -MT"src/Polymorphism.d" -o "src/Polymorphism.o" "../src/Polymorphism.cpp"
../src/Polymorphism.cpp: In function ‘int main()’:
../src/Polymorphism.cpp:55:9: error: redeclaration of ‘Base* b1’
  Base * b1 = new Current();
         ^~
../src/Polymorphism.cpp:52:9: note: ‘Base* b1’ previously declared here
  Base * b1 = new Savings();
         ^~
src/subdir.mk:18: recipe for target 'src/Polymorphism.o' failed
make: *** [src/Polymorphism.o] Error 1
12:10:42 **** Incremental Build of configuration Debug for project Polymorphism ****
make all 
Building file: ../src/Polymorphism.cpp
Invoking: Cross G++ Compiler
g++ -O0 -g3 -Wall -c -fmessage-length=0 -MMD -MP -MF"src/Polymorphism.d" -MT"src/Polymorphism.d" -o "src/Polymorphism.o" "../src/Polymorphism.cpp"
../src/Polymorphism.cpp: In function ‘int main()’:
../src/Polymorphism.cpp:55:9: error: redeclaration of ‘Base* b1’
  Base * b1 = new Current();
         ^~
../src/Polymorphism.cpp:52:9: note: ‘Base* b1’ previously declared here
  Base * b1 = new Savings();
         ^~
make: *** [src/Polymorphism.o] Error 1
src/subdir.mk:18: recipe for target 'src/Polymorphism.o' failed
12:10:58 **** Incremental Build of configuration Debug for project Polymorphism ****
make all 
Building file: ../src/Polymorphism.cpp
Invoking: Cross G++ Compiler
g++ -O0 -g3 -Wall -c -fmessage-length=0 -MMD -MP -MF"src/Polymorphism.d" -MT"src/Polymorphism.d" -o "src/Polymorphism.o" "../src/Polymorphism.cpp"
Finished building: ../src/Polymorphism.cpp
 
Building target: Polymorphism
Invoking: Cross G++ Linker
g++  -o "Polymorphism"  ./src/Polymorphism.o   
Finished building target: Polymorphism
 
12:11:00 **** Incremental Build of configuration Debug for project Polymorphism ****
make all 
make: Nothing to be done for 'all'.
12:12:45 **** Incremental Build of configuration Debug for project Polymorphism ****
make all 
Building file: ../src/Polymorphism.cpp
Invoking: Cross G++ Compiler
g++ -O0 -g3 -Wall -c -fmessage-length=0 -MMD -MP -MF"src/Polymorphism.d" -MT"src/Polymorphism.d" -o "src/Polymorphism.o" "../src/Polymorphism.cpp"
../src/Polymorphism.cpp: In function ‘int main()’:
../src/Polymorphism.cpp:56:8: error: cannot convert ‘Savings**’ to ‘Base*’ in assignment
  b1 = &s1;
        ^~
../src/Polymorphism.cpp:59:8: error: cannot convert ‘Current**’ to ‘Base*’ in assignment
  b1 = &c1;
        ^~
make: *** [src/Polymorphism.o] Error 1
src/subdir.mk:18: recipe for target 'src/Polymorphism.o' failed
12:12:56 **** Incremental Build of configuration Debug for project Polymorphism ****
make all 
Building file: ../src/Polymorphism.cpp
Invoking: Cross G++ Compiler
g++ -O0 -g3 -Wall -c -fmessage-length=0 -MMD -MP -MF"src/Polymorphism.d" -MT"src/Polymorphism.d" -o "src/Polymorphism.o" "../src/Polymorphism.cpp"
Finished building: ../src/Polymorphism.cpp
 
Building target: Polymorphism
Invoking: Cross G++ Linker
g++  -o "Polymorphism"  ./src/Polymorphism.o   
Finished building target: Polymorphism
 
12:13:20 **** Incremental Build of configuration Debug for project Polymorphism ****
make all 
Building file: ../src/Polymorphism.cpp
Invoking: Cross G++ Compiler
g++ -O0 -g3 -Wall -c -fmessage-length=0 -MMD -MP -MF"src/Polymorphism.d" -MT"src/Polymorphism.d" -o "src/Polymorphism.o" "../src/Polymorphism.cpp"
Finished building: ../src/Polymorphism.cpp
 
Building target: Polymorphism
Invoking: Cross G++ Linker
g++  -o "Polymorphism"  ./src/Polymorphism.o   
Finished building target: Polymorphism
 
12:13:26 **** Incremental Build of configuration Debug for project Polymorphism ****
make all 
make: Nothing to be done for 'all'.
13:58:52 **** Build of configuration Debug for project SwitchBreak ****
make all 
Building file: ../src/SwitchBreak.cpp
Invoking: Cross G++ Compiler
g++ -O0 -g3 -Wall -c -fmessage-length=0 -MMD -MP -MF"src/SwitchBreak.d" -MT"src/SwitchBreak.d" -o "src/SwitchBreak.o" "../src/SwitchBreak.cpp"
Finished building: ../src/SwitchBreak.cpp
 
Building target: SwitchBreak
Invoking: Cross G++ Linker
g++  -o "SwitchBreak"  ./src/SwitchBreak.o   
Finished building target: SwitchBreak
 
13:59:03 **** Incremental Build of configuration Debug for project SwitchBreak ****
make all 
make: Nothing to be done for 'all'.
13:59:12 **** Incremental Build of configuration Debug for project SwitchBreak ****
make all 
Building file: ../src/SwitchBreak.cpp
Invoking: Cross G++ Compiler
g++ -O0 -g3 -Wall -c -fmessage-length=0 -MMD -MP -MF"src/SwitchBreak.d" -MT"src/SwitchBreak.d" -o "src/SwitchBreak.o" "../src/SwitchBreak.cpp"
Finished building: ../src/SwitchBreak.cpp
 
Building target: SwitchBreak
Invoking: Cross G++ Linker
g++  -o "SwitchBreak"  ./src/SwitchBreak.o   
Finished building target: SwitchBreak
 
14:09:58 **** Incremental Build of configuration Debug for project SwitchBreak ****
make all 
Building file: ../src/SwitchBreak.cpp
Invoking: Cross G++ Compiler
g++ -O0 -g3 -Wall -c -fmessage-length=0 -MMD -MP -MF"src/SwitchBreak.d" -MT"src/SwitchBreak.d" -o "src/SwitchBreak.o" "../src/SwitchBreak.cpp"
Finished building: ../src/SwitchBreak.cpp
 
Building target: SwitchBreak
Invoking: Cross G++ Linker
g++  -o "SwitchBreak"  ./src/SwitchBreak.o   
Finished building target: SwitchBreak
 
15:26:58 **** Build of configuration Debug for project Enums ****
make all 
Building file: ../src/Enums.cpp
Invoking: Cross G++ Compiler
g++ -O0 -g3 -Wall -c -fmessage-length=0 -MMD -MP -MF"src/Enums.d" -MT"src/Enums.d" -o "src/Enums.o" "../src/Enums.cpp"
Finished building: ../src/Enums.cpp
 
Building target: Enums
Invoking: Cross G++ Linker
g++  -o "Enums"  ./src/Enums.o   
Finished building target: Enums
 
15:27:06 **** Incremental Build of configuration Debug for project Enums ****
make all 
make: Nothing to be done for 'all'.
15:27:14 **** Incremental Build of configuration Debug for project Enums ****
make all 
Building file: ../src/Enums.cpp
Invoking: Cross G++ Compiler
g++ -O0 -g3 -Wall -c -fmessage-length=0 -MMD -MP -MF"src/Enums.d" -MT"src/Enums.d" -o "src/Enums.o" "../src/Enums.cpp"
Finished building: ../src/Enums.cpp
 
Building target: Enums
Invoking: Cross G++ Linker
g++  -o "Enums"  ./src/Enums.o   
Finished building target: Enums
 
15:27:18 **** Incremental Build of configuration Debug for project Enums ****
make all 
make: Nothing to be done for 'all'.
15:27:20 **** Incremental Build of configuration Debug for project Enums ****
make all 
make: Nothing to be done for 'all'.
15:27:21 **** Incremental Build of configuration Debug for project Enums ****
make all 
make: Nothing to be done for 'all'.
15:27:31 **** Incremental Build of configuration Debug for project Enums ****
make all 
Building file: ../src/Enums.cpp
Invoking: Cross G++ Compiler
g++ -O0 -g3 -Wall -c -fmessage-length=0 -MMD -MP -MF"src/Enums.d" -MT"src/Enums.d" -o "src/Enums.o" "../src/Enums.cpp"
../src/Enums.cpp:16:8: warning: multi-character character constant [-Wmultichar]
  i x = '10'';
        ^~~~
../src/Enums.cpp:16:12: warning: missing terminating ' character
  i x = '10'';
            ^
../src/Enums.cpp:16:12: error: missing terminating ' character
  i x = '10'';
            ^~
../src/Enums.cpp: In function ‘int main()’:
../src/Enums.cpp:16:8: warning: overflow in implicit constant conversion [-Woverflow]
  i x = '10'';
        ^~~~
../src/Enums.cpp:18:2: error: expected ‘,’ or ‘;’ before ‘cout’
  cout<<x<<endl;
  ^~~~
../src/Enums.cpp:16:4: warning: unused variable ‘x’ [-Wunused-variable]
  i x = '10'';
    ^
make: *** [src/Enums.o] Error 1
src/subdir.mk:18: recipe for target 'src/Enums.o' failed
15:27:33 **** Incremental Build of configuration Debug for project Enums ****
make all 
Building file: ../src/Enums.cpp
Invoking: Cross G++ Compiler
g++ -O0 -g3 -Wall -c -fmessage-length=0 -MMD -MP -MF"src/Enums.d" -MT"src/Enums.d" -o "src/Enums.o" "../src/Enums.cpp"
../src/Enums.cpp:16:8: warning: multi-character character constant [-Wmultichar]
  i x = '10'';
        ^~~~
../src/Enums.cpp:16:12: warning: missing terminating ' character
  i x = '10'';
            ^
../src/Enums.cpp:16:12: error: missing terminating ' character
  i x = '10'';
            ^~
../src/Enums.cpp: In function ‘int main()’:
../src/Enums.cpp:16:8: warning: overflow in implicit constant conversion [-Woverflow]
  i x = '10'';
        ^~~~
../src/Enums.cpp:18:2: error: expected ‘,’ or ‘;’ before ‘cout’
  cout<<x<<endl;
  ^~~~
../src/Enums.cpp:16:4: warning: unused variable ‘x’ [-Wunused-variable]
  i x = '10'';
    ^
src/subdir.mk:18: recipe for target 'src/Enums.o' failed
make: *** [src/Enums.o] Error 1
15:27:44 **** Incremental Build of configuration Debug for project Enums ****
make all 
Building file: ../src/Enums.cpp
Invoking: Cross G++ Compiler
g++ -O0 -g3 -Wall -c -fmessage-length=0 -MMD -MP -MF"src/Enums.d" -MT"src/Enums.d" -o "src/Enums.o" "../src/Enums.cpp"
../src/Enums.cpp:16:8: warning: multi-character character constant [-Wmultichar]
  i x = '10';
        ^~~~
../src/Enums.cpp: In function ‘int main()’:
../src/Enums.cpp:16:8: warning: overflow in implicit constant conversion [-Woverflow]
Finished building: ../src/Enums.cpp
 
Building target: Enums
Invoking: Cross G++ Linker
g++  -o "Enums"  ./src/Enums.o   
Finished building target: Enums
 
15:27:49 **** Incremental Build of configuration Debug for project Enums ****
make all 
Building file: ../src/Enums.cpp
Invoking: Cross G++ Compiler
g++ -O0 -g3 -Wall -c -fmessage-length=0 -MMD -MP -MF"src/Enums.d" -MT"src/Enums.d" -o "src/Enums.o" "../src/Enums.cpp"
Finished building: ../src/Enums.cpp
 
Building target: Enums
Invoking: Cross G++ Linker
g++  -o "Enums"  ./src/Enums.o   
Finished building target: Enums
 
15:27:50 **** Incremental Build of configuration Debug for project Enums ****
make all 
make: Nothing to be done for 'all'.
15:29:52 **** Incremental Build of configuration Debug for project Enums ****
make all 
Building file: ../src/Enums.cpp
Invoking: Cross G++ Compiler
g++ -O0 -g3 -Wall -c -fmessage-length=0 -MMD -MP -MF"src/Enums.d" -MT"src/Enums.d" -o "src/Enums.o" "../src/Enums.cpp"
Finished building: ../src/Enums.cpp
 
Building target: Enums
Invoking: Cross G++ Linker
g++  -o "Enums"  ./src/Enums.o   
Finished building target: Enums
 
15:29:54 **** Incremental Build of configuration Debug for project Enums ****
make all 
make: Nothing to be done for 'all'.
15:34:58 **** Incremental Build of configuration Debug for project Enums ****
make all 
Building file: ../src/Enums.cpp
Invoking: Cross G++ Compiler
g++ -O0 -g3 -Wall -c -fmessage-length=0 -MMD -MP -MF"src/Enums.d" -MT"src/Enums.d" -o "src/Enums.o" "../src/Enums.cpp"
Finished building: ../src/Enums.cpp
 
Building target: Enums
Invoking: Cross G++ Linker
g++  -o "Enums"  ./src/Enums.o   
Finished building target: Enums
 
15:35:48 **** Incremental Build of configuration Debug for project Enums ****
make all 
Building file: ../src/Enums.cpp
Invoking: Cross G++ Compiler
g++ -O0 -g3 -Wall -c -fmessage-length=0 -MMD -MP -MF"src/Enums.d" -MT"src/Enums.d" -o "src/Enums.o" "../src/Enums.cpp"
Finished building: ../src/Enums.cpp
 
Building target: Enums
Invoking: Cross G++ Linker
g++  -o "Enums"  ./src/Enums.o   
Finished building target: Enums
 
15:35:51 **** Incremental Build of configuration Debug for project Enums ****
make all 
make: Nothing to be done for 'all'.
15:36:05 **** Incremental Build of configuration Debug for project Enums ****
make all 
Building file: ../src/Enums.cpp
Invoking: Cross G++ Compiler
g++ -O0 -g3 -Wall -c -fmessage-length=0 -MMD -MP -MF"src/Enums.d" -MT"src/Enums.d" -o "src/Enums.o" "../src/Enums.cpp"
../src/Enums.cpp: In function ‘int main()’:
../src/Enums.cpp:28:7: warning: unused variable ‘x’ [-Wunused-variable]
  test x = '1';
       ^
../src/Enums.cpp:29:10: warning: unused variable ‘i’ [-Wunused-variable]
  integer i = 10;
          ^
Finished building: ../src/Enums.cpp
 
Building target: Enums
Invoking: Cross G++ Linker
g++  -o "Enums"  ./src/Enums.o   
Finished building target: Enums
 
15:36:06 **** Incremental Build of configuration Debug for project Enums ****
make all 
make: Nothing to be done for 'all'.
15:36:12 **** Incremental Build of configuration Debug for project Enums ****
make all 
Building file: ../src/Enums.cpp
Invoking: Cross G++ Compiler
g++ -O0 -g3 -Wall -c -fmessage-length=0 -MMD -MP -MF"src/Enums.d" -MT"src/Enums.d" -o "src/Enums.o" "../src/Enums.cpp"
../src/Enums.cpp: In function ‘int main()’:
../src/Enums.cpp:28:7: warning: unused variable ‘x’ [-Wunused-variable]
  test x = '1';
       ^
../src/Enums.cpp:29:10: warning: unused variable ‘i’ [-Wunused-variable]
  integer i = 10;
          ^
Finished building: ../src/Enums.cpp
 
Building target: Enums
Invoking: Cross G++ Linker
g++  -o "Enums"  ./src/Enums.o   
Finished building target: Enums
 
15:36:13 **** Incremental Build of configuration Debug for project Enums ****
make all 
make: Nothing to be done for 'all'.
15:36:24 **** Incremental Build of configuration Debug for project Enums ****
make all 
Building file: ../src/Enums.cpp
Invoking: Cross G++ Compiler
g++ -O0 -g3 -Wall -c -fmessage-length=0 -MMD -MP -MF"src/Enums.d" -MT"src/Enums.d" -o "src/Enums.o" "../src/Enums.cpp"
../src/Enums.cpp: In function ‘int main()’:
../src/Enums.cpp:28:7: warning: unused variable ‘x’ [-Wunused-variable]
  test x = '1';
       ^
../src/Enums.cpp:29:10: warning: unused variable ‘i’ [-Wunused-variable]
  integer i = 10;
          ^
Finished building: ../src/Enums.cpp
 
Building target: Enums
Invoking: Cross G++ Linker
g++  -o "Enums"  ./src/Enums.o   
Finished building target: Enums
 
15:36:26 **** Incremental Build of configuration Debug for project Enums ****
make all 
make: Nothing to be done for 'all'.
15:42:08 **** Incremental Build of configuration Debug for project Enums ****
make all 
Building file: ../src/Enums.cpp
Invoking: Cross G++ Compiler
g++ -O0 -g3 -Wall -c -fmessage-length=0 -MMD -MP -MF"src/Enums.d" -MT"src/Enums.d" -o "src/Enums.o" "../src/Enums.cpp"
../src/Enums.cpp: In function ‘int main()’:
../src/Enums.cpp:49:12: error: invalid conversion from ‘int’ to ‘enum_t’ [-fpermissive]
  mycolor = 2;
            ^
../src/Enums.cpp:36:7: warning: unused variable ‘x’ [-Wunused-variable]
  test x = '1';
       ^
../src/Enums.cpp:37:10: warning: unused variable ‘i’ [-Wunused-variable]
  integer i = 10;
          ^
make: *** [src/Enums.o] Error 1
src/subdir.mk:18: recipe for target 'src/Enums.o' failed
15:42:10 **** Incremental Build of configuration Debug for project Enums ****
make all 
Building file: ../src/Enums.cpp
Invoking: Cross G++ Compiler
g++ -O0 -g3 -Wall -c -fmessage-length=0 -MMD -MP -MF"src/Enums.d" -MT"src/Enums.d" -o "src/Enums.o" "../src/Enums.cpp"
../src/Enums.cpp: In function ‘int main()’:
../src/Enums.cpp:49:12: error: invalid conversion from ‘int’ to ‘enum_t’ [-fpermissive]
  mycolor = 2;
            ^
../src/Enums.cpp:36:7: warning: unused variable ‘x’ [-Wunused-variable]
  test x = '1';
       ^
../src/Enums.cpp:37:10: warning: unused variable ‘i’ [-Wunused-variable]
  integer i = 10;
          ^
src/subdir.mk:18: recipe for target 'src/Enums.o' failed
make: *** [src/Enums.o] Error 1
15:42:24 **** Incremental Build of configuration Debug for project Enums ****
make all 
Building file: ../src/Enums.cpp
Invoking: Cross G++ Compiler
g++ -O0 -g3 -Wall -c -fmessage-length=0 -MMD -MP -MF"src/Enums.d" -MT"src/Enums.d" -o "src/Enums.o" "../src/Enums.cpp"
../src/Enums.cpp: In function ‘int main()’:
../src/Enums.cpp:36:7: warning: unused variable ‘x’ [-Wunused-variable]
  test x = '1';
       ^
../src/Enums.cpp:37:10: warning: unused variable ‘i’ [-Wunused-variable]
  integer i = 10;
          ^
Finished building: ../src/Enums.cpp
 
Building target: Enums
Invoking: Cross G++ Linker
g++  -o "Enums"  ./src/Enums.o   
Finished building target: Enums
 
15:42:31 **** Incremental Build of configuration Debug for project Enums ****
make all 
Building file: ../src/Enums.cpp
Invoking: Cross G++ Compiler
g++ -O0 -g3 -Wall -c -fmessage-length=0 -MMD -MP -MF"src/Enums.d" -MT"src/Enums.d" -o "src/Enums.o" "../src/Enums.cpp"
Finished building: ../src/Enums.cpp
 
Building target: Enums
Invoking: Cross G++ Linker
g++  -o "Enums"  ./src/Enums.o   
Finished building target: Enums
 
15:42:32 **** Incremental Build of configuration Debug for project Enums ****
make all 
make: Nothing to be done for 'all'.
15:42:46 **** Incremental Build of configuration Debug for project Enums ****
make all 
Building file: ../src/Enums.cpp
Invoking: Cross G++ Compiler
g++ -O0 -g3 -Wall -c -fmessage-length=0 -MMD -MP -MF"src/Enums.d" -MT"src/Enums.d" -o "src/Enums.o" "../src/Enums.cpp"
../src/Enums.cpp: In function ‘int main()’:
../src/Enums.cpp:36:12: warning: variable ‘mybyte’ set but not used [-Wunused-but-set-variable]
  mytypes_t mybyte;
            ^~~~~~
Finished building: ../src/Enums.cpp
 
Building target: Enums
Invoking: Cross G++ Linker
g++  -o "Enums"  ./src/Enums.o   
Finished building target: Enums
 
15:42:48 **** Incremental Build of configuration Debug for project Enums ****
make all 
make: Nothing to be done for 'all'.
15:43:18 **** Incremental Build of configuration Debug for project Enums ****
make all 
Building file: ../src/Enums.cpp
Invoking: Cross G++ Compiler
g++ -O0 -g3 -Wall -c -fmessage-length=0 -MMD -MP -MF"src/Enums.d" -MT"src/Enums.d" -o "src/Enums.o" "../src/Enums.cpp"
../src/Enums.cpp: In function ‘int main()’:
../src/Enums.cpp:46:20: warning: suggest parentheses around assignment used as truth value [-Wparentheses]
  if(mycolor = green)
                    ^
../src/Enums.cpp:36:12: warning: variable ‘mybyte’ set but not used [-Wunused-but-set-variable]
  mytypes_t mybyte;
            ^~~~~~
Finished building: ../src/Enums.cpp
 
Building target: Enums
Invoking: Cross G++ Linker
g++  -o "Enums"  ./src/Enums.o   
Finished building target: Enums
 
15:43:19 **** Incremental Build of configuration Debug for project Enums ****
make all 
make: Nothing to be done for 'all'.
15:43:27 **** Incremental Build of configuration Debug for project Enums ****
make all 
Building file: ../src/Enums.cpp
Invoking: Cross G++ Compiler
g++ -O0 -g3 -Wall -c -fmessage-length=0 -MMD -MP -MF"src/Enums.d" -MT"src/Enums.d" -o "src/Enums.o" "../src/Enums.cpp"
../src/Enums.cpp: In function ‘int main()’:
../src/Enums.cpp:46:20: warning: suggest parentheses around assignment used as truth value [-Wparentheses]
  if(mycolor = green)
                    ^
../src/Enums.cpp:36:12: warning: variable ‘mybyte’ set but not used [-Wunused-but-set-variable]
  mytypes_t mybyte;
            ^~~~~~
Finished building: ../src/Enums.cpp
 
Building target: Enums
Invoking: Cross G++ Linker
g++  -o "Enums"  ./src/Enums.o   
Finished building target: Enums
 
15:43:40 **** Incremental Build of configuration Debug for project Enums ****
make all 
Building file: ../src/Enums.cpp
Invoking: Cross G++ Compiler
g++ -O0 -g3 -Wall -c -fmessage-length=0 -MMD -MP -MF"src/Enums.d" -MT"src/Enums.d" -o "src/Enums.o" "../src/Enums.cpp"
../src/Enums.cpp: In function ‘int main()’:
../src/Enums.cpp:37:2: error: ‘mybyte’ was not declared in this scope
  mybyte.f = 20;
  ^~~~~~
../src/Enums.cpp:45:20: warning: suggest parentheses around assignment used as truth value [-Wparentheses]
  if(mycolor = green)
                    ^
src/subdir.mk:18: recipe for target 'src/Enums.o' failed
make: *** [src/Enums.o] Error 1
15:43:48 **** Incremental Build of configuration Debug for project Enums ****
make all 
Building file: ../src/Enums.cpp
Invoking: Cross G++ Compiler
g++ -O0 -g3 -Wall -c -fmessage-length=0 -MMD -MP -MF"src/Enums.d" -MT"src/Enums.d" -o "src/Enums.o" "../src/Enums.cpp"
../src/Enums.cpp: In function ‘int main()’:
../src/Enums.cpp:44:20: warning: suggest parentheses around assignment used as truth value [-Wparentheses]
  if(mycolor = green)
                    ^
Finished building: ../src/Enums.cpp
 
Building target: Enums
Invoking: Cross G++ Linker
g++  -o "Enums"  ./src/Enums.o   
Finished building target: Enums
 
15:43:51 **** Incremental Build of configuration Debug for project Enums ****
make all 
make: Nothing to be done for 'all'.
15:43:55 **** Incremental Build of configuration Debug for project Enums ****
make all 
Building file: ../src/Enums.cpp
Invoking: Cross G++ Compiler
g++ -O0 -g3 -Wall -c -fmessage-length=0 -MMD -MP -MF"src/Enums.d" -MT"src/Enums.d" -o "src/Enums.o" "../src/Enums.cpp"
Finished building: ../src/Enums.cpp
 
Building target: Enums
Invoking: Cross G++ Linker
g++  -o "Enums"  ./src/Enums.o   
Finished building target: Enums
 
15:43:57 **** Incremental Build of configuration Debug for project Enums ****
make all 
make: Nothing to be done for 'all'.
15:44:11 **** Incremental Build of configuration Debug for project Enums ****
make all 
Building file: ../src/Enums.cpp
Invoking: Cross G++ Compiler
g++ -O0 -g3 -Wall -c -fmessage-length=0 -MMD -MP -MF"src/Enums.d" -MT"src/Enums.d" -o "src/Enums.o" "../src/Enums.cpp"
Finished building: ../src/Enums.cpp
 
Building target: Enums
Invoking: Cross G++ Linker
g++  -o "Enums"  ./src/Enums.o   
Finished building target: Enums
 
15:44:13 **** Incremental Build of configuration Debug for project Enums ****
make all 
make: Nothing to be done for 'all'.
15:44:24 **** Incremental Build of configuration Debug for project Enums ****
make all 
Building file: ../src/Enums.cpp
Invoking: Cross G++ Compiler
g++ -O0 -g3 -Wall -c -fmessage-length=0 -MMD -MP -MF"src/Enums.d" -MT"src/Enums.d" -o "src/Enums.o" "../src/Enums.cpp"
Finished building: ../src/Enums.cpp
 
Building target: Enums
Invoking: Cross G++ Linker
g++  -o "Enums"  ./src/Enums.o   
Finished building target: Enums
 
15:44:26 **** Incremental Build of configuration Debug for project Enums ****
make all 
make: Nothing to be done for 'all'.
